  [1m[35m (1050.0ms)[0m  [1m[35mCREATE DATABASE "thegossipproject_development" ENCODING = 'unicode'[0m
  ↳ bin/rails:9
  [1m[35m (668.6ms)[0m  [1m[35mCREATE DATABASE "thegossipproject_test" ENCODING = 'unicode'[0m
  ↳ bin/rails:9
  [1m[35m (26.3ms)[0m  [1m[35mCREATE TABLE "schema_migrations" ("version" character varying NOT NULL PRIMARY KEY)[0m
  ↳ bin/rails:9
  [1m[35m (6.4ms)[0m  [1m[35mCREATE TABLE "ar_internal_metadata" ("key" character varying NOT NULL PRIMARY KEY, "value" character varying, "created_at" timestamp NOT NULL, "updated_at" timestamp NOT NULL)[0m
  ↳ bin/rails:9
  [1m[35m (0.2ms)[0m  [1m[34mSELECT pg_try_advisory_lock(139692943724643015)[0m
  ↳ bin/rails:9
  [1m[35m (1.1ms)[0m  [1m[34mSELECT "schema_migrations"."version" FROM "schema_migrations" ORDER BY "schema_migrations"."version" ASC[0m
  ↳ bin/rails:9
Migrating to CreateGossips (20181029110132)
  [1m[35m (0.1ms)[0m  [1m[35mBEGIN[0m
  ↳ bin/rails:9
  [1m[35m (5.1ms)[0m  [1m[35mCREATE TABLE "gossips" ("id" bigserial primary key, "author" character varying, "content" text, "created_at" timestamp NOT NULL, "updated_at" timestamp NOT NULL)[0m
  ↳ db/migrate/20181029110132_create_gossips.rb:3
  [1m[36mActiveRecord::SchemaMigration Create (0.5ms)[0m  [1m[32mINSERT INTO "schema_migrations" ("version") VALUES ($1) RETURNING "version"[0m  [["version", "20181029110132"]]
  ↳ bin/rails:9
  [1m[35m (0.3ms)[0m  [1m[35mCOMMIT[0m
  ↳ bin/rails:9
  [1m[36mActiveRecord::InternalMetadata Load (1.0ms)[0m  [1m[34mSELECT  "ar_internal_metadata".* FROM "ar_internal_metadata" WHERE "ar_internal_metadata"."key" = $1 LIMIT $2[0m  [["key", "environment"], ["LIMIT", 1]]
  ↳ bin/rails:9
  [1m[35m (0.1ms)[0m  [1m[35mBEGIN[0m
  ↳ bin/rails:9
  [1m[36mActiveRecord::InternalMetadata Create (0.5ms)[0m  [1m[32mINSERT INTO "ar_internal_metadata" ("key", "value", "created_at", "updated_at") VALUES ($1, $2, $3, $4) RETURNING "key"[0m  [["key", "environment"], ["value", "development"], ["created_at", "2018-10-30 13:59:58.804017"], ["updated_at", "2018-10-30 13:59:58.804017"]]
  ↳ bin/rails:9
  [1m[35m (5.1ms)[0m  [1m[35mCOMMIT[0m
  ↳ bin/rails:9
  [1m[35m (0.2ms)[0m  [1m[34mSELECT pg_advisory_unlock(139692943724643015)[0m
  ↳ bin/rails:9
  [1m[35m (0.2ms)[0m  [1m[34mSELECT "schema_migrations"."version" FROM "schema_migrations" ORDER BY "schema_migrations"."version" ASC[0m
  ↳ bin/rails:9
  [1m[35m (1.9ms)[0m  [1m[34mSELECT "schema_migrations"."version" FROM "schema_migrations" ORDER BY "schema_migrations"."version" ASC[0m
  ↳ bin/rails:9
  [1m[35m (0.1ms)[0m  [1m[35mBEGIN[0m
  ↳ db/seeds.rb:9
  [1m[36mGossip Create (2.4ms)[0m  [1m[32mINSERT INTO "gossips" ("author", "content", "created_at", "updated_at") VALUES ($1, $2, $3, $4) RETURNING "id"[0m  [["author", "Medivh"], ["content", "Anaria Shola."], ["created_at", "2018-10-30 14:00:17.096738"], ["updated_at", "2018-10-30 14:00:17.096738"]]
  ↳ db/seeds.rb:9
  [1m[35m (1.4ms)[0m  [1m[35mCOMMIT[0m
  ↳ db/seeds.rb:9
  [1m[35m (0.1ms)[0m  [1m[35mBEGIN[0m
  ↳ db/seeds.rb:9
  [1m[36mGossip Create (0.2ms)[0m  [1m[32mINSERT INTO "gossips" ("author", "content", "created_at", "updated_at") VALUES ($1, $2, $3, $4) RETURNING "id"[0m  [["author", "Garona Halforcen"], ["content", "The reckoning is at hand!"], ["created_at", "2018-10-30 14:00:17.102186"], ["updated_at", "2018-10-30 14:00:17.102186"]]
  ↳ db/seeds.rb:9
  [1m[35m (0.4ms)[0m  [1m[35mCOMMIT[0m
  ↳ db/seeds.rb:9
  [1m[35m (0.1ms)[0m  [1m[35mBEGIN[0m
  ↳ db/seeds.rb:9
  [1m[36mGossip Create (0.3ms)[0m  [1m[32mINSERT INTO "gossips" ("author", "content", "created_at", "updated_at") VALUES ($1, $2, $3, $4) RETURNING "id"[0m  [["author", "Muradin Bronzebeard"], ["content", "I do not suffer fools easily."], ["created_at", "2018-10-30 14:00:17.103959"], ["updated_at", "2018-10-30 14:00:17.103959"]]
  ↳ db/seeds.rb:9
  [1m[35m (0.4ms)[0m  [1m[35mCOMMIT[0m
  ↳ db/seeds.rb:9
  [1m[35m (0.1ms)[0m  [1m[35mBEGIN[0m
  ↳ db/seeds.rb:9
  [1m[36mGossip Create (0.2ms)[0m  [1m[32mINSERT INTO "gossips" ("author", "content", "created_at", "updated_at") VALUES ($1, $2, $3, $4) RETURNING "id"[0m  [["author", "Arthas Menthil"], ["content", "You waste my time."], ["created_at", "2018-10-30 14:00:17.106117"], ["updated_at", "2018-10-30 14:00:17.106117"]]
  ↳ db/seeds.rb:9
  [1m[35m (0.4ms)[0m  [1m[35mCOMMIT[0m
  ↳ db/seeds.rb:9
  [1m[35m (0.1ms)[0m  [1m[35mBEGIN[0m
  ↳ db/seeds.rb:9
  [1m[36mGossip Create (0.3ms)[0m  [1m[32mINSERT INTO "gossips" ("author", "content", "created_at", "updated_at") VALUES ($1, $2, $3, $4) RETURNING "id"[0m  [["author", "Malfurion Stormrage"], ["content", "Victory lies ahead."], ["created_at", "2018-10-30 14:00:17.108025"], ["updated_at", "2018-10-30 14:00:17.108025"]]
  ↳ db/seeds.rb:9
  [1m[35m (0.4ms)[0m  [1m[35mCOMMIT[0m
  ↳ db/seeds.rb:9
  [1m[35m (0.1ms)[0m  [1m[35mBEGIN[0m
  ↳ db/seeds.rb:9
  [1m[36mGossip Create (0.2ms)[0m  [1m[32mINSERT INTO "gossips" ("author", "content", "created_at", "updated_at") VALUES ($1, $2, $3, $4) RETURNING "id"[0m  [["author", "Muradin Bronzebeard"], ["content", "Death to all who oppose us!"], ["created_at", "2018-10-30 14:00:17.109806"], ["updated_at", "2018-10-30 14:00:17.109806"]]
  ↳ db/seeds.rb:9
  [1m[35m (0.4ms)[0m  [1m[35mCOMMIT[0m
  ↳ db/seeds.rb:9
  [1m[35m (0.1ms)[0m  [1m[35mBEGIN[0m
  ↳ db/seeds.rb:9
  [1m[36mGossip Create (0.2ms)[0m  [1m[32mINSERT INTO "gossips" ("author", "content", "created_at", "updated_at") VALUES ($1, $2, $3, $4) RETURNING "id"[0m  [["author", "Malfurion Stormrage"], ["content", "Why do you linger?"], ["created_at", "2018-10-30 14:00:17.111345"], ["updated_at", "2018-10-30 14:00:17.111345"]]
  ↳ db/seeds.rb:9
  [1m[35m (0.4ms)[0m  [1m[35mCOMMIT[0m
  ↳ db/seeds.rb:9
  [1m[35m (0.1ms)[0m  [1m[35mBEGIN[0m
  ↳ db/seeds.rb:9
  [1m[36mGossip Create (0.2ms)[0m  [1m[32mINSERT INTO "gossips" ("author", "content", "created_at", "updated_at") VALUES ($1, $2, $3, $4) RETURNING "id"[0m  [["author", "Bolvar Fordragon"], ["content", "Yes?"], ["created_at", "2018-10-30 14:00:17.113139"], ["updated_at", "2018-10-30 14:00:17.113139"]]
  ↳ db/seeds.rb:9
  [1m[35m (0.4ms)[0m  [1m[35mCOMMIT[0m
  ↳ db/seeds.rb:9
  [1m[35m (0.1ms)[0m  [1m[35mBEGIN[0m
  ↳ db/seeds.rb:9
  [1m[36mGossip Create (0.2ms)[0m  [1m[32mINSERT INTO "gossips" ("author", "content", "created_at", "updated_at") VALUES ($1, $2, $3, $4) RETURNING "id"[0m  [["author", "Mannoroth"], ["content", "Everything has a price."], ["created_at", "2018-10-30 14:00:17.114975"], ["updated_at", "2018-10-30 14:00:17.114975"]]
  ↳ db/seeds.rb:9
  [1m[35m (0.4ms)[0m  [1m[35mCOMMIT[0m
  ↳ db/seeds.rb:9
  [1m[35m (0.1ms)[0m  [1m[35mBEGIN[0m
  ↳ db/seeds.rb:9
  [1m[36mGossip Create (0.2ms)[0m  [1m[32mINSERT INTO "gossips" ("author", "content", "created_at", "updated_at") VALUES ($1, $2, $3, $4) RETURNING "id"[0m  [["author", "Balnazzar"], ["content", "It is a wonder you have lived this long."], ["created_at", "2018-10-30 14:00:17.116759"], ["updated_at", "2018-10-30 14:00:17.116759"]]
  ↳ db/seeds.rb:9
  [1m[35m (0.4ms)[0m  [1m[35mCOMMIT[0m
  ↳ db/seeds.rb:9
Started GET "/" for 127.0.0.1 at 2018-10-30 15:03:43 +0100
  [1m[35m (3.1ms)[0m  [1m[34mSELECT "schema_migrations"."version" FROM "schema_migrations" ORDER BY "schema_migrations"."version" ASC[0m
  ↳ /Users/antoinejessen/.rvm/gems/ruby-2.5.1/gems/activerecord-5.2.1/lib/active_record/log_subscriber.rb:98
Processing by GossipController#index as HTML
  Rendering gossip/index.html.erb within layouts/application
  [1m[36mGossip Load (4.8ms)[0m  [1m[34mSELECT "gossips".* FROM "gossips" ORDER BY "gossips"."created_at" DESC[0m
  ↳ app/views/gossip/index.html.erb:6
  Rendered gossip/index.html.erb within layouts/application (26.2ms)
Completed 200 OK in 656ms (Views: 621.5ms | ActiveRecord: 13.1ms)


